# JRE version: Java(TM) SE Runtime Environment (8.0_181-b13) (build 1.8.0_181-b13)
# Java VM: Java HotSpot(TM) 64-Bit Server VM (25.181-b13 mixed mode linux-amd64 compressed oops)
Heap:
 PSYoungGen      total 74752K, used 13099K [0x000000076cb00000, 0x0000000775380000, 0x00000007c0000000)
  eden space 64512K, 4% used [0x000000076cb00000,0x000000076cdd2968,0x0000000770a00000)
  from space 10240K, 99% used [0x0000000770a00000,0x00000007713f8338,0x0000000771400000)
  to   space 10240K, 0% used [0x0000000774980000,0x0000000774980000,0x0000000775380000)
 ParOldGen       total 171008K, used 37433K [0x00000006c6000000, 0x00000006d0700000, 0x000000076cb00000)
  object space 171008K, 21% used [0x00000006c6000000,0x00000006c848e478,0x00000006d0700000)
 Metaspace       used 17694K, capacity 18558K, committed 18688K, reserved 1064960K
  class space    used 2326K, capacity 2538K, committed 2560K, reserved 1048576K
GC Heap History (6 events):
Event: 0,762 GC heap before
{Heap before GC invocations=1 (full 0):
 PSYoungGen      total 74752K, used 63948K [0x000000076cb00000, 0x0000000771e00000, 0x00000007c0000000)
  eden space 64512K, 99% used [0x000000076cb00000,0x00000007709730f0,0x0000000770a00000)
  from space 10240K, 0% used [0x0000000771400000,0x0000000771400000,0x0000000771e00000)
  to   space 10240K, 0% used [0x0000000770a00000,0x0000000770a00000,0x0000000771400000)
 ParOldGen       total 171008K, used 0K [0x00000006c6000000, 0x00000006d0700000, 0x000000076cb00000)
  object space 171008K, 0% used [0x00000006c6000000,0x00000006c6000000,0x00000006d0700000)
 Metaspace       used 11790K, capacity 12208K, committed 12544K, reserved 1060864K
  class space    used 1585K, capacity 1719K, committed 1792K, reserved 1048576K
Event: 0,774 GC heap after
Heap after GC invocations=1 (full 0):
 PSYoungGen      total 74752K, used 10232K [0x000000076cb00000, 0x0000000775d00000, 0x00000007c0000000)
  eden space 64512K, 0% used [0x000000076cb00000,0x000000076cb00000,0x0000000770a00000)
  from space 10240K, 99% used [0x0000000770a00000,0x00000007713fe3d8,0x0000000771400000)
  to   space 10240K, 0% used [0x0000000775300000,0x0000000775300000,0x0000000775d00000)
 ParOldGen       total 171008K, used 29798K [0x00000006c6000000, 0x00000006d0700000, 0x000000076cb00000)
  object space 171008K, 17% used [0x00000006c6000000,0x00000006c7d19a60,0x00000006d0700000)
 Metaspace       used 11790K, capacity 12208K, committed 12544K, reserved 1060864K
  class space    used 1585K, capacity 1719K, committed 1792K, reserved 1048576K
}
Event: 2216,313 GC heap before
{Heap before GC invocations=2 (full 0):
 PSYoungGen      total 74752K, used 74744K [0x000000076cb00000, 0x0000000775d00000, 0x00000007c0000000)
  eden space 64512K, 100% used [0x000000076cb00000,0x0000000770a00000,0x0000000770a00000)
  from space 10240K, 99% used [0x0000000770a00000,0x00000007713fe3d8,0x0000000771400000)
  to   space 10240K, 0% used [0x0000000775300000,0x0000000775300000,0x0000000775d00000)
 ParOldGen       total 171008K, used 29798K [0x00000006c6000000, 0x00000006d0700000, 0x000000076cb00000)
  object space 171008K, 17% used [0x00000006c6000000,0x00000006c7d19a60,0x00000006d0700000)
 Metaspace       used 17580K, capacity 18458K, committed 18688K, reserved 1064960K
  class space    used 2322K, capacity 2532K, committed 2560K, reserved 1048576K
Event: 2216,331 GC heap after
Heap after GC invocations=2 (full 0):
 PSYoungGen      total 74752K, used 10231K [0x000000076cb00000, 0x0000000775d00000, 0x00000007c0000000)
  eden space 64512K, 0% used [0x000000076cb00000,0x000000076cb00000,0x0000000770a00000)
  from space 10240K, 99% used [0x0000000775300000,0x0000000775cfdca8,0x0000000775d00000)
  to   space 10240K, 0% used [0x0000000770a00000,0x0000000770a00000,0x0000000771400000)
 ParOldGen       total 171008K, used 36615K [0x00000006c6000000, 0x00000006d0700000, 0x000000076cb00000)
  object space 171008K, 21% used [0x00000006c6000000,0x00000006c83c1d10,0x00000006d0700000)
 Metaspace       used 17580K, capacity 18458K, committed 18688K, reserved 1064960K
  class space    used 2322K, capacity 2532K, committed 2560K, reserved 1048576K
}
Event: 2318,504 GC heap before
{Heap before GC invocations=3 (full 0):
 PSYoungGen      total 74752K, used 74743K [0x000000076cb00000, 0x0000000775d00000, 0x00000007c0000000)
  eden space 64512K, 100% used [0x000000076cb00000,0x0000000770a00000,0x0000000770a00000)
  from space 10240K, 99% used [0x0000000775300000,0x0000000775cfdca8,0x0000000775d00000)
  to   space 10240K, 0% used [0x0000000770a00000,0x0000000770a00000,0x0000000771400000)
 ParOldGen       total 171008K, used 36615K [0x00000006c6000000, 0x00000006d0700000, 0x000000076cb00000)
  object space 171008K, 21% used [0x00000006c6000000,0x00000006c83c1d10,0x00000006d0700000)
 Metaspace       used 17692K, capacity 18558K, committed 18688K, reserved 1064960K
  class space    used 2326K, capacity 2538K, committed 2560K, reserved 1048576K
Event: 2318,519 GC heap after
Heap after GC invocations=3 (full 0):
 PSYoungGen      total 74752K, used 10208K [0x000000076cb00000, 0x0000000775380000, 0x00000007c0000000)
  eden space 64512K, 0% used [0x000000076cb00000,0x000000076cb00000,0x0000000770a00000)
  from space 10240K, 99% used [0x0000000770a00000,0x00000007713f8338,0x0000000771400000)
  to   space 10240K, 0% used [0x0000000774980000,0x0000000774980000,0x0000000775380000)
 ParOldGen       total 171008K, used 37433K [0x00000006c6000000, 0x00000006d0700000, 0x000000076cb00000)
  object space 171008K, 21% used [0x00000006c6000000,0x00000006c848e478,0x00000006d0700000)
 Metaspace       used 17692K, capacity 18558K, committed 18688K, reserved 1064960K
  class space    used 2326K, capacity 2538K, committed 2560K, reserved 1048576K
}

